<?xml version="1.0" encoding="UTF-8"?>
<!-- Generated by org.testng.reporters.JUnitXMLReporter -->
<testsuite ignored="0" hostname="Mac" failures="1" tests="1" name="Surefire test" time="16.22" errors="0" timestamp="2025-12-26T08:21:06 IST">
  <testcase classname="com.yourmoca.tests.PostRequestTest" name="postNewRequestTest" time="11.567">
    <failure type="java.lang.AssertionError" message="Post Request failed! expected [true] but found [false]">
      <![CDATA[java.lang.AssertionError: Post Request failed! expected [true] but found [false]
at com.yourmoca.tests.PostRequestTest.postNewRequestTest(PostRequestTest.java:42)
at java.base/java.util.ArrayList.forEach(ArrayList.java:1604)
... Removed 33 stack frames]]>
    </failure>
  </testcase> <!-- postNewRequestTest -->
</testsuite> <!-- Surefire test -->
