<?xml version="1.0" encoding="UTF-8"?>
<testng-results ignored="0" total="1" passed="0" failed="1" skipped="0">
  <reporter-output>
  </reporter-output>
  <suite started-at="2025-12-27T08:23:54 IST" name="Surefire suite" finished-at="2025-12-27T08:24:11 IST" duration-ms="16911">
    <groups>
    </groups>
    <test started-at="2025-12-27T08:23:54 IST" name="Surefire test" finished-at="2025-12-27T08:24:11 IST" duration-ms="16911">
      <class name="com.yourmoca.tests.MultiUserWorkflowTest">
        <test-method is-config="true" signature="setup()[pri:0, instance:com.yourmoca.tests.MultiUserWorkflowTest@59717824]" started-at="2025-12-27T08:23:54 IST" name="setup" finished-at="2025-12-27T08:23:58 IST" duration-ms="4078" status="PASS">
          <reporter-output>
          </reporter-output>
        </test-method> <!-- setup -->
        <test-method is-config="true" signature="setupTest()[pri:0, instance:com.yourmoca.tests.MultiUserWorkflowTest@59717824]" started-at="2025-12-27T08:23:58 IST" name="setupTest" finished-at="2025-12-27T08:23:59 IST" duration-ms="810" status="PASS">
          <reporter-output>
          </reporter-output>
        </test-method> <!-- setupTest -->
        <test-method signature="multiUserJobWorkflowTest()[pri:0, instance:com.yourmoca.tests.MultiUserWorkflowTest@59717824]" started-at="2025-12-27T08:23:59 IST" name="multiUserJobWorkflowTest" finished-at="2025-12-27T08:24:11 IST" duration-ms="11910" status="FAIL">
          <exception class="com.microsoft.playwright.impl.TargetClosedError">
            <message>
              <![CDATA[Error {
  message='Target page, context or browser has been closed
  name='TargetClosedError
  stack='TargetClosedError: Target page, context or browser has been closed
    at DispatcherConnection.dispatch (/private/var/folders/d6/42lhqh494bz5vt42m14k7n6r0000gn/T/playwright-java-8751363892106657516/package/lib/server/dispatchers/dispatcher.js:273:44)
    at transport.onmessage (/private/var/folders/d6/42lhqh494bz5vt42m14k7n6r0000gn/T/playwright-java-8751363892106657516/package/lib/cli/driver.js:52:57)
    at Immediate._onImmediate (/private/var/folders/d6/42lhqh494bz5vt42m14k7n6r0000gn/T/playwright-java-8751363892106657516/package/lib/protocol/transport.js:77:34)
    at process.processImmediate (node:internal/timers:491:21)
}]]>
            </message>
            <full-stacktrace>
              <![CDATA[com.microsoft.playwright.impl.TargetClosedError: Error {
  message='Target page, context or browser has been closed
  name='TargetClosedError
  stack='TargetClosedError: Target page, context or browser has been closed
    at DispatcherConnection.dispatch (/private/var/folders/d6/42lhqh494bz5vt42m14k7n6r0000gn/T/playwright-java-8751363892106657516/package/lib/server/dispatchers/dispatcher.js:273:44)
    at transport.onmessage (/private/var/folders/d6/42lhqh494bz5vt42m14k7n6r0000gn/T/playwright-java-8751363892106657516/package/lib/cli/driver.js:52:57)
    at Immediate._onImmediate (/private/var/folders/d6/42lhqh494bz5vt42m14k7n6r0000gn/T/playwright-java-8751363892106657516/package/lib/protocol/transport.js:77:34)
    at process.processImmediate (node:internal/timers:491:21)
}
at com.microsoft.playwright.impl.WaitableResult.get(WaitableResult.java:54)
at com.microsoft.playwright.impl.ChannelOwner.runUntil(ChannelOwner.java:132)
at com.microsoft.playwright.impl.Connection.sendMessage(Connection.java:130)
at com.microsoft.playwright.impl.ChannelOwner.sendMessage(ChannelOwner.java:118)
at com.microsoft.playwright.impl.FrameImpl.clickImpl(FrameImpl.java:252)
at com.microsoft.playwright.impl.PageImpl.lambda$click$18(PageImpl.java:688)
at com.microsoft.playwright.impl.LoggingSupport.lambda$withLogging$0(LoggingSupport.java:36)
at com.microsoft.playwright.impl.LoggingSupport.withLogging(LoggingSupport.java:47)
at com.microsoft.playwright.impl.ChannelOwner.withLogging(ChannelOwner.java:97)
at com.microsoft.playwright.impl.LoggingSupport.withLogging(LoggingSupport.java:35)
at com.microsoft.playwright.impl.PageImpl.click(PageImpl.java:687)
at com.microsoft.playwright.Page.click(Page.java:3914)
at com.yourmoca.pages.PostARequest.selectDate(PostARequest.java:119)
at com.yourmoca.pages.PostARequest.fillPostRequestForm(PostARequest.java:104)
at com.yourmoca.tests.MultiUserWorkflowTest.multiUserJobWorkflowTest(MultiUserWorkflowTest.java:45)
at java.base/jdk.internal.reflect.DirectMethodHandleAccessor.invoke(DirectMethodHandleAccessor.java:104)
at java.base/java.lang.reflect.Method.invoke(Method.java:565)
at org.testng.internal.invokers.MethodInvocationHelper.invokeMethod(MethodInvocationHelper.java:141)
at org.testng.internal.invokers.TestInvoker.invokeMethod(TestInvoker.java:686)
at org.testng.internal.invokers.TestInvoker.invokeTestMethod(TestInvoker.java:230)
at org.testng.internal.invokers.MethodRunner.runInSequence(MethodRunner.java:63)
at org.testng.internal.invokers.TestInvoker$MethodInvocationAgent.invoke(TestInvoker.java:992)
at org.testng.internal.invokers.TestInvoker.invokeTestMethods(TestInvoker.java:203)
at org.testng.internal.invokers.TestMethodWorker.invokeTestMethods(TestMethodWorker.java:154)
at org.testng.internal.invokers.TestMethodWorker.run(TestMethodWorker.java:134)
at java.base/java.util.ArrayList.forEach(ArrayList.java:1604)
at org.testng.TestRunner.privateRun(TestRunner.java:739)
at org.testng.TestRunner.run(TestRunner.java:614)
at org.testng.SuiteRunner.runTest(SuiteRunner.java:421)
at org.testng.SuiteRunner.runSequentially(SuiteRunner.java:413)
at org.testng.SuiteRunner.privateRun(SuiteRunner.java:373)
at org.testng.SuiteRunner.run(SuiteRunner.java:312)
at org.testng.SuiteRunnerWorker.runSuite(SuiteRunnerWorker.java:52)
at org.testng.SuiteRunnerWorker.run(SuiteRunnerWorker.java:95)
at org.testng.TestNG.runSuitesSequentially(TestNG.java:1274)
at org.testng.TestNG.runSuitesLocally(TestNG.java:1208)
at org.testng.TestNG.runSuites(TestNG.java:1112)
at org.testng.TestNG.run(TestNG.java:1079)
at org.apache.maven.surefire.testng.TestNGExecutor.run(TestNGExecutor.java:155)
at org.apache.maven.surefire.testng.TestNGDirectoryTestSuite.executeSingleClass(TestNGDirectoryTestSuite.java:102)
at org.apache.maven.surefire.testng.TestNGDirectoryTestSuite.execute(TestNGDirectoryTestSuite.java:91)
at org.apache.maven.surefire.testng.TestNGProvider.invoke(TestNGProvider.java:137)
at org.apache.maven.surefire.booter.ForkedBooter.runSuitesInProcess(ForkedBooter.java:385)
at org.apache.maven.surefire.booter.ForkedBooter.execute(ForkedBooter.java:162)
at org.apache.maven.surefire.booter.ForkedBooter.run(ForkedBooter.java:507)
at org.apache.maven.surefire.booter.ForkedBooter.main(ForkedBooter.java:495)
Caused by: com.microsoft.playwright.impl.TargetClosedError: Error {
  message='Target page, context or browser has been closed
  name='TargetClosedError
  stack='TargetClosedError: Target page, context or browser has been closed
    at DispatcherConnection.dispatch (/private/var/folders/d6/42lhqh494bz5vt42m14k7n6r0000gn/T/playwright-java-8751363892106657516/package/lib/server/dispatchers/dispatcher.js:273:44)
    at transport.onmessage (/private/var/folders/d6/42lhqh494bz5vt42m14k7n6r0000gn/T/playwright-java-8751363892106657516/package/lib/cli/driver.js:52:57)
    at Immediate._onImmediate (/private/var/folders/d6/42lhqh494bz5vt42m14k7n6r0000gn/T/playwright-java-8751363892106657516/package/lib/protocol/transport.js:77:34)
    at process.processImmediate (node:internal/timers:491:21)
}
at com.microsoft.playwright.impl.Connection.dispatch(Connection.java:256)
at com.microsoft.playwright.impl.Connection.processOneMessage(Connection.java:211)
at com.microsoft.playwright.impl.ChannelOwner.runUntil(ChannelOwner.java:130)
... 44 more
]]>
            </full-stacktrace>
          </exception> <!-- com.microsoft.playwright.impl.TargetClosedError -->
          <reporter-output>
          </reporter-output>
        </test-method> <!-- multiUserJobWorkflowTest -->
        <test-method is-config="true" signature="tearDown()[pri:0, instance:com.yourmoca.tests.MultiUserWorkflowTest@59717824]" started-at="2025-12-27T08:24:11 IST" name="tearDown" finished-at="2025-12-27T08:24:11 IST" duration-ms="93" status="PASS">
          <reporter-output>
          </reporter-output>
        </test-method> <!-- tearDown -->
      </class> <!-- com.yourmoca.tests.MultiUserWorkflowTest -->
    </test> <!-- Surefire test -->
  </suite> <!-- Surefire suite -->
</testng-results>
