<?xml version="1.0" encoding="UTF-8"?>
<testng-results ignored="0" total="1" passed="0" failed="1" skipped="0">
  <reporter-output>
  </reporter-output>
  <suite started-at="2025-12-26T08:20:50 IST" name="Surefire suite" finished-at="2025-12-26T08:21:06 IST" duration-ms="16220">
    <groups>
    </groups>
    <test started-at="2025-12-26T08:20:50 IST" name="Surefire test" finished-at="2025-12-26T08:21:06 IST" duration-ms="16220">
      <class name="com.yourmoca.tests.PostRequestTest">
        <test-method is-config="true" signature="setup()[pri:0, instance:com.yourmoca.tests.PostRequestTest@77be656f]" started-at="2025-12-26T08:20:50 IST" name="setup" finished-at="2025-12-26T08:20:53 IST" duration-ms="3794" status="PASS">
          <reporter-output>
          </reporter-output>
        </test-method> <!-- setup -->
        <test-method is-config="true" signature="setupTest()[pri:0, instance:com.yourmoca.tests.PostRequestTest@77be656f]" started-at="2025-12-26T08:20:53 IST" name="setupTest" finished-at="2025-12-26T08:20:54 IST" duration-ms="815" status="PASS">
          <reporter-output>
          </reporter-output>
        </test-method> <!-- setupTest -->
        <test-method is-config="true" signature="pageSetup()[pri:0, instance:com.yourmoca.tests.PostRequestTest@77be656f]" started-at="2025-12-26T08:20:54 IST" name="pageSetup" finished-at="2025-12-26T08:20:54 IST" duration-ms="2" status="PASS">
          <reporter-output>
          </reporter-output>
        </test-method> <!-- pageSetup -->
        <test-method signature="postNewRequestTest(java.lang.String,java.lang.String,java.lang.String,java.lang.String,java.lang.String,java.lang.String,java.lang.String,java.lang.String,java.lang.String,java.lang.String,java.lang.String,java.lang.String)[pri:1, instance:com.yourmoca.tests.PostRequestTest@77be656f]" started-at="2025-12-26T08:20:54 IST" name="postNewRequestTest" data-provider="postRequestData" finished-at="2025-12-26T08:21:06 IST" duration-ms="11567" status="FAIL">
          <params>
            <param index="0">
              <value>
                <![CDATA[Isha]]>
              </value>
            </param>
            <param index="1">
              <value>
                <![CDATA[Short Film]]>
              </value>
            </param>
            <param index="2">
              <value>
                <![CDATA[It is a thriller content]]>
              </value>
            </param>
            <param index="3">
              <value>
                <![CDATA[2025-12-31]]>
              </value>
            </param>
            <param index="4">
              <value>
                <![CDATA[India]]>
              </value>
            </param>
            <param index="5">
              <value>
                <![CDATA[Andhra Pradesh]]>
              </value>
            </param>
            <param index="6">
              <value>
                <![CDATA[Kakinada]]>
              </value>
            </param>
            <param index="7">
              <value>
                <![CDATA[Actor]]>
              </value>
            </param>
            <param index="8">
              <value>
                <![CDATA[2025-12-30]]>
              </value>
            </param>
            <param index="9">
              <value>
                <![CDATA[2025-12-31]]>
              </value>
            </param>
            <param index="10">
              <value>
                <![CDATA[2025-12-29]]>
              </value>
            </param>
            <param index="11">
              <value>
                <![CDATA[Must have experience in acting field]]>
              </value>
            </param>
          </params>
          <exception class="java.lang.AssertionError">
            <message>
              <![CDATA[Post Request failed! expected [true] but found [false]]]>
            </message>
            <full-stacktrace>
              <![CDATA[java.lang.AssertionError: Post Request failed! expected [true] but found [false]
at org.testng.Assert.fail(Assert.java:111)
at org.testng.Assert.failNotEquals(Assert.java:1578)
at org.testng.Assert.assertTrue(Assert.java:57)
at com.yourmoca.tests.PostRequestTest.postNewRequestTest(PostRequestTest.java:42)
at java.base/jdk.internal.reflect.DirectMethodHandleAccessor.invoke(DirectMethodHandleAccessor.java:104)
at java.base/java.lang.reflect.Method.invoke(Method.java:565)
at org.testng.internal.invokers.MethodInvocationHelper.invokeMethod(MethodInvocationHelper.java:141)
at org.testng.internal.invokers.TestInvoker.invokeMethod(TestInvoker.java:686)
at org.testng.internal.invokers.TestInvoker.invokeTestMethod(TestInvoker.java:230)
at org.testng.internal.invokers.MethodRunner.runInSequence(MethodRunner.java:63)
at org.testng.internal.invokers.TestInvoker$MethodInvocationAgent.invoke(TestInvoker.java:992)
at org.testng.internal.invokers.TestInvoker.invokeTestMethods(TestInvoker.java:203)
at org.testng.internal.invokers.TestMethodWorker.invokeTestMethods(TestMethodWorker.java:154)
at org.testng.internal.invokers.TestMethodWorker.run(TestMethodWorker.java:134)
at java.base/java.util.ArrayList.forEach(ArrayList.java:1604)
at org.testng.TestRunner.privateRun(TestRunner.java:739)
at org.testng.TestRunner.run(TestRunner.java:614)
at org.testng.SuiteRunner.runTest(SuiteRunner.java:421)
at org.testng.SuiteRunner.runSequentially(SuiteRunner.java:413)
at org.testng.SuiteRunner.privateRun(SuiteRunner.java:373)
at org.testng.SuiteRunner.run(SuiteRunner.java:312)
at org.testng.SuiteRunnerWorker.runSuite(SuiteRunnerWorker.java:52)
at org.testng.SuiteRunnerWorker.run(SuiteRunnerWorker.java:95)
at org.testng.TestNG.runSuitesSequentially(TestNG.java:1274)
at org.testng.TestNG.runSuitesLocally(TestNG.java:1208)
at org.testng.TestNG.runSuites(TestNG.java:1112)
at org.testng.TestNG.run(TestNG.java:1079)
at org.apache.maven.surefire.testng.TestNGExecutor.run(TestNGExecutor.java:155)
at org.apache.maven.surefire.testng.TestNGDirectoryTestSuite.executeSingleClass(TestNGDirectoryTestSuite.java:102)
at org.apache.maven.surefire.testng.TestNGDirectoryTestSuite.execute(TestNGDirectoryTestSuite.java:91)
at org.apache.maven.surefire.testng.TestNGProvider.invoke(TestNGProvider.java:137)
at org.apache.maven.surefire.booter.ForkedBooter.runSuitesInProcess(ForkedBooter.java:385)
at org.apache.maven.surefire.booter.ForkedBooter.execute(ForkedBooter.java:162)
at org.apache.maven.surefire.booter.ForkedBooter.run(ForkedBooter.java:507)
at org.apache.maven.surefire.booter.ForkedBooter.main(ForkedBooter.java:495)
]]>
            </full-stacktrace>
          </exception> <!-- java.lang.AssertionError -->
          <reporter-output>
          </reporter-output>
        </test-method> <!-- postNewRequestTest -->
        <test-method is-config="true" signature="tearDown()[pri:0, instance:com.yourmoca.tests.PostRequestTest@77be656f]" started-at="2025-12-26T08:21:06 IST" name="tearDown" finished-at="2025-12-26T08:21:06 IST" duration-ms="27" status="PASS">
          <reporter-output>
          </reporter-output>
        </test-method> <!-- tearDown -->
      </class> <!-- com.yourmoca.tests.PostRequestTest -->
    </test> <!-- Surefire test -->
  </suite> <!-- Surefire suite -->
</testng-results>
