<?xml version="1.0" encoding="UTF-8"?>
<testsuite xmlns:xsi="http://www.w3.org/2001/XMLSchema-instance" xsi:noNamespaceSchemaLocation="https://maven.apache.org/surefire/maven-surefire-plugin/xsd/surefire-test-report.xsd" version="3.0.2" name="com.yourmoca.tests.MultiUserWorkflowTest" time="17.294" tests="1" errors="0" skipped="0" failures="1">
  <properties>
[...]
</properties>
  <testcase name="multiUserJobWorkflowTest" classname="com.yourmoca.tests.MultiUserWorkflowTest" time="11.917">
    <failure message="Error {&#10;  message=&apos;Target page, context or browser has been closed&#10;  name=&apos;TargetClosedError&#10;  stack=&apos;TargetClosedError: Target page, context or browser has been closed&#10;    at DispatcherConnection.dispatch (/private/var/folders/d6/42lhqh494bz5vt42m14k7n6r0000gn/T/playwright-java-8751363892106657516/package/lib/server/dispatchers/dispatcher.js:273:44)&#10;    at transport.onmessage (/private/var/folders/d6/42lhqh494bz5vt42m14k7n6r0000gn/T/playwright-java-8751363892106657516/package/lib/cli/driver.js:52:57)&#10;    at Immediate._onImmediate (/private/var/folders/d6/42lhqh494bz5vt42m14k7n6r0000gn/T/playwright-java-8751363892106657516/package/lib/protocol/transport.js:77:34)&#10;    at process.processImmediate (node:internal/timers:491:21)&#10;}" type="com.microsoft.playwright.impl.TargetClosedError"><![CDATA[com.microsoft.playwright.impl.TargetClosedError: 
Error {
  message='Target page, context or browser has been closed
  name='TargetClosedError
  stack='TargetClosedError: Target page, context or browser has been closed
    at DispatcherConnection.dispatch (/private/var/folders/d6/42lhqh494bz5vt42m14k7n6r0000gn/T/playwright-java-8751363892106657516/package/lib/server/dispatchers/dispatcher.js:273:44)
    at transport.onmessage (/private/var/folders/d6/42lhqh494bz5vt42m14k7n6r0000gn/T/playwright-java-8751363892106657516/package/lib/cli/driver.js:52:57)
    at Immediate._onImmediate (/private/var/folders/d6/42lhqh494bz5vt42m14k7n6r0000gn/T/playwright-java-8751363892106657516/package/lib/protocol/transport.js:77:34)
    at process.processImmediate (node:internal/timers:491:21)
}
	at com.microsoft.playwright.impl.WaitableResult.get(WaitableResult.java:54)
	at com.microsoft.playwright.impl.ChannelOwner.runUntil(ChannelOwner.java:132)
	at com.microsoft.playwright.impl.Connection.sendMessage(Connection.java:130)
	at com.microsoft.playwright.impl.ChannelOwner.sendMessage(ChannelOwner.java:118)
	at com.microsoft.playwright.impl.FrameImpl.clickImpl(FrameImpl.java:252)
	at com.microsoft.playwright.impl.PageImpl.lambda$click$18(PageImpl.java:688)
	at com.microsoft.playwright.impl.LoggingSupport.lambda$withLogging$0(LoggingSupport.java:36)
	at com.microsoft.playwright.impl.LoggingSupport.withLogging(LoggingSupport.java:47)
	at com.microsoft.playwright.impl.ChannelOwner.withLogging(ChannelOwner.java:97)
	at com.microsoft.playwright.impl.LoggingSupport.withLogging(LoggingSupport.java:35)
	at com.microsoft.playwright.impl.PageImpl.click(PageImpl.java:687)
	at com.microsoft.playwright.Page.click(Page.java:3914)
	at com.yourmoca.pages.PostARequest.selectDate(PostARequest.java:119)
	at com.yourmoca.pages.PostARequest.fillPostRequestForm(PostARequest.java:104)
	at com.yourmoca.tests.MultiUserWorkflowTest.multiUserJobWorkflowTest(MultiUserWorkflowTest.java:45)
	at java.base/jdk.internal.reflect.DirectMethodHandleAccessor.invoke(DirectMethodHandleAccessor.java:104)
	at java.base/java.lang.reflect.Method.invoke(Method.java:565)
	at org.testng.internal.invokers.MethodInvocationHelper.invokeMethod(MethodInvocationHelper.java:141)
	at org.testng.internal.invokers.TestInvoker.invokeMethod(TestInvoker.java:686)
	at org.testng.internal.invokers.TestInvoker.invokeTestMethod(TestInvoker.java:230)
	at org.testng.internal.invokers.MethodRunner.runInSequence(MethodRunner.java:63)
	at org.testng.internal.invokers.TestInvoker$MethodInvocationAgent.invoke(TestInvoker.java:992)
	at org.testng.internal.invokers.TestInvoker.invokeTestMethods(TestInvoker.java:203)
	at org.testng.internal.invokers.TestMethodWorker.invokeTestMethods(TestMethodWorker.java:154)
	at org.testng.internal.invokers.TestMethodWorker.run(TestMethodWorker.java:134)
	at java.base/java.util.ArrayList.forEach(ArrayList.java:1604)
	at org.testng.TestRunner.privateRun(TestRunner.java:739)
	at org.testng.TestRunner.run(TestRunner.java:614)
	at org.testng.SuiteRunner.runTest(SuiteRunner.java:421)
	at org.testng.SuiteRunner.runSequentially(SuiteRunner.java:413)
	at org.testng.SuiteRunner.privateRun(SuiteRunner.java:373)
	at org.testng.SuiteRunner.run(SuiteRunner.java:312)
	at org.testng.SuiteRunnerWorker.runSuite(SuiteRunnerWorker.java:52)
	at org.testng.SuiteRunnerWorker.run(SuiteRunnerWorker.java:95)
	at org.testng.TestNG.runSuitesSequentially(TestNG.java:1274)
	at org.testng.TestNG.runSuitesLocally(TestNG.java:1208)
	at org.testng.TestNG.runSuites(TestNG.java:1112)
	at org.testng.TestNG.run(TestNG.java:1079)
	at org.apache.maven.surefire.testng.TestNGExecutor.run(TestNGExecutor.java:155)
	at org.apache.maven.surefire.testng.TestNGDirectoryTestSuite.executeSingleClass(TestNGDirectoryTestSuite.java:102)
	at org.apache.maven.surefire.testng.TestNGDirectoryTestSuite.execute(TestNGDirectoryTestSuite.java:91)
	at org.apache.maven.surefire.testng.TestNGProvider.invoke(TestNGProvider.java:137)
	at org.apache.maven.surefire.booter.ForkedBooter.runSuitesInProcess(ForkedBooter.java:385)
	at org.apache.maven.surefire.booter.ForkedBooter.execute(ForkedBooter.java:162)
	at org.apache.maven.surefire.booter.ForkedBooter.run(ForkedBooter.java:507)
	at org.apache.maven.surefire.booter.ForkedBooter.main(ForkedBooter.java:495)
Caused by: com.microsoft.playwright.impl.TargetClosedError: Error {
  message='Target page, context or browser has been closed
  name='TargetClosedError
  stack='TargetClosedError: Target page, context or browser has been closed
    at DispatcherConnection.dispatch (/private/var/folders/d6/42lhqh494bz5vt42m14k7n6r0000gn/T/playwright-java-8751363892106657516/package/lib/server/dispatchers/dispatcher.js:273:44)
    at transport.onmessage (/private/var/folders/d6/42lhqh494bz5vt42m14k7n6r0000gn/T/playwright-java-8751363892106657516/package/lib/cli/driver.js:52:57)
    at Immediate._onImmediate (/private/var/folders/d6/42lhqh494bz5vt42m14k7n6r0000gn/T/playwright-java-8751363892106657516/package/lib/protocol/transport.js:77:34)
    at process.processImmediate (node:internal/timers:491:21)
}
	at com.microsoft.playwright.impl.Connection.dispatch(Connection.java:256)
	at com.microsoft.playwright.impl.Connection.processOneMessage(Connection.java:211)
	at com.microsoft.playwright.impl.ChannelOwner.runUntil(ChannelOwner.java:130)
	... 44 more
]]></failure>
    <system-out><![CDATA[browser name is : chromium
Dialog detected: Please enter password:
Dialog detected: Please enter password:
--- Starting Poster Workflow ---
App creds: swathipriya+and1@krify.com:Krify@123
Clicking Login/Signup button: //div[@class="MuiGrid-root MuiGrid-container MuiGrid-item MuiGrid-grid-xs-auto css-17jney1"]
Filling email: swathipriya+and1@krify.com
Filling password...
Clicking Login submit button: //span[text()="Login"]
Clicking Post Request button: //div[@class="MuiStack-root css-1ps3d0q"]//a[text()="Post a Request"]
Current URL after click: https://staging.yourmoca.com/postrequest
Filling form - Project Name: Automation Test Job 1766804044898
Selecting Project Type: Short Film
]]></system-out>
    <system-err><![CDATA[SLF4J: Failed to load class "org.slf4j.impl.StaticLoggerBinder".
SLF4J: Defaulting to no-operation (NOP) logger implementation
SLF4J: See http://www.slf4j.org/codes.html#StaticLoggerBinder for further details.
]]></system-err>
  </testcase>
</testsuite>